<?xml version="1.0" encoding="UTF-8"?>
<testng-results ignored="0" total="1" passed="1" failed="0" skipped="0">
  <reporter-output>
  </reporter-output>
  <suite started-at="2023-06-30T20:08:02 IST" name="Default suite" finished-at="2023-06-30T20:08:29 IST" duration-ms="27222">
    <groups>
      <group name="cucumber">
        <method signature="AbstractTestNGCucumberTests.runScenario(io.cucumber.testng.PickleWrapper,io.cucumber.testng.FeatureWrapper)[pri:0, instance:execution.LetCodeRunner@31190526]" name="runScenario" class="io.cucumber.testng.AbstractTestNGCucumberTests"/>
      </group> <!-- cucumber -->
    </groups>
    <test started-at="2023-06-30T20:08:02 IST" name="Default test" finished-at="2023-06-30T20:08:29 IST" duration-ms="27222">
      <class name="execution.LetCodeRunner">
        <test-method is-config="true" signature="setUpClass()[pri:0, instance:execution.LetCodeRunner@31190526]" started-at="2023-06-30T20:08:02 IST" name="setUpClass" finished-at="2023-06-30T20:08:02 IST" duration-ms="535" status="PASS">
          <reporter-output>
          </reporter-output>
        </test-method> <!-- setUpClass -->
        <test-method signature="runScenario(io.cucumber.testng.PickleWrapper,io.cucumber.testng.FeatureWrapper)[pri:0, instance:execution.LetCodeRunner@31190526]" started-at="2023-06-30T20:08:02 IST" name="runScenario" description="Runs Cucumber Scenarios" data-provider="scenarios" finished-at="2023-06-30T20:08:26 IST" duration-ms="24038" status="PASS">
          <params>
            <param index="0">
              <value>
                <![CDATA["Verify home page functionality"]]>
              </value>
            </param>
            <param index="1">
              <value>
                <![CDATA["Optional[Home Page]"]]>
              </value>
            </param>
          </params>
          <reporter-output>
          </reporter-output>
        </test-method> <!-- runScenario -->
        <test-method is-config="true" signature="tearDownClass()[pri:0, instance:execution.LetCodeRunner@31190526]" started-at="2023-06-30T20:08:26 IST" name="tearDownClass" finished-at="2023-06-30T20:08:29 IST" duration-ms="2605" status="PASS">
          <reporter-output>
          </reporter-output>
        </test-method> <!-- tearDownClass -->
      </class> <!-- execution.LetCodeRunner -->
    </test> <!-- Default test -->
  </suite> <!-- Default suite -->
</testng-results>
